{"total": {"lines":{"total":1262,"covered":486,"skipped":0,"pct":38.51},"statements":{"total":1262,"covered":486,"skipped":0,"pct":38.51},"functions":{"total":87,"covered":47,"skipped":0,"pct":54.02},"branches":{"total":145,"covered":86,"skipped":0,"pct":59.31},"branchesTrue":{"total":0,"covered":0,"skipped":0,"pct":100}}
,"F:\\CodeSprint\\Bizpark--AI-BE\\Bizpark.Commerce\\src\\app.controller.ts": {"lines":{"total":12,"covered":0,"skipped":0,"pct":0},"functions":{"total":1,"covered":0,"skipped":0,"pct":0},"statements":{"total":12,"covered":0,"skipped":0,"pct":0},"branches":{"total":1,"covered":0,"skipped":0,"pct":0}}
,"F:\\CodeSprint\\Bizpark--AI-BE\\Bizpark.Commerce\\src\\app.service.ts": {"lines":{"total":12,"covered":12,"skipped":0,"pct":100},"functions":{"total":1,"covered":1,"skipped":0,"pct":100},"statements":{"total":12,"covered":12,"skipped":0,"pct":100},"branches":{"total":1,"covered":1,"skipped":0,"pct":100}}
,"F:\\CodeSprint\\Bizpark--AI-BE\\Bizpark.Commerce\\src\\auth\\auth.controller.ts": {"lines":{"total":41,"covered":0,"skipped":0,"pct":0},"functions":{"total":1,"covered":0,"skipped":0,"pct":0},"statements":{"total":41,"covered":0,"skipped":0,"pct":0},"branches":{"total":1,"covered":0,"skipped":0,"pct":0}}
,"F:\\CodeSprint\\Bizpark--AI-BE\\Bizpark.Commerce\\src\\auth\\auth.service.ts": {"lines":{"total":61,"covered":61,"skipped":0,"pct":100},"functions":{"total":6,"covered":6,"skipped":0,"pct":100},"statements":{"total":61,"covered":61,"skipped":0,"pct":100},"branches":{"total":14,"covered":12,"skipped":0,"pct":85.71}}
,"F:\\CodeSprint\\Bizpark--AI-BE\\Bizpark.Commerce\\src\\auth\\dtos.ts": {"lines":{"total":16,"covered":0,"skipped":0,"pct":0},"functions":{"total":1,"covered":0,"skipped":0,"pct":0},"statements":{"total":16,"covered":0,"skipped":0,"pct":0},"branches":{"total":1,"covered":0,"skipped":0,"pct":0}}
,"F:\\CodeSprint\\Bizpark--AI-BE\\Bizpark.Commerce\\src\\auth\\jwt-auth.guard.ts": {"lines":{"total":17,"covered":0,"skipped":0,"pct":0},"functions":{"total":1,"covered":0,"skipped":0,"pct":0},"statements":{"total":17,"covered":0,"skipped":0,"pct":0},"branches":{"total":1,"covered":0,"skipped":0,"pct":0}}
,"F:\\CodeSprint\\Bizpark--AI-BE\\Bizpark.Commerce\\src\\auth\\jwt.strategy.ts": {"lines":{"total":31,"covered":0,"skipped":0,"pct":0},"functions":{"total":1,"covered":0,"skipped":0,"pct":0},"statements":{"total":31,"covered":0,"skipped":0,"pct":0},"branches":{"total":1,"covered":0,"skipped":0,"pct":0}}
,"F:\\CodeSprint\\Bizpark--AI-BE\\Bizpark.Commerce\\src\\auth\\roles.guard.ts": {"lines":{"total":25,"covered":25,"skipped":0,"pct":100},"functions":{"total":3,"covered":3,"skipped":0,"pct":100},"statements":{"total":25,"covered":25,"skipped":0,"pct":100},"branches":{"total":10,"covered":9,"skipped":0,"pct":90}}
,"F:\\CodeSprint\\Bizpark--AI-BE\\Bizpark.Commerce\\src\\cart\\cart.controller.ts": {"lines":{"total":42,"covered":0,"skipped":0,"pct":0},"functions":{"total":1,"covered":0,"skipped":0,"pct":0},"statements":{"total":42,"covered":0,"skipped":0,"pct":0},"branches":{"total":1,"covered":0,"skipped":0,"pct":0}}
,"F:\\CodeSprint\\Bizpark--AI-BE\\Bizpark.Commerce\\src\\cart\\cart.service.ts": {"lines":{"total":75,"covered":73,"skipped":0,"pct":97.33},"functions":{"total":7,"covered":7,"skipped":0,"pct":100},"statements":{"total":75,"covered":73,"skipped":0,"pct":97.33},"branches":{"total":15,"covered":12,"skipped":0,"pct":80}}
,"F:\\CodeSprint\\Bizpark--AI-BE\\Bizpark.Commerce\\src\\catalog\\catalog.controller.ts": {"lines":{"total":28,"covered":0,"skipped":0,"pct":0},"functions":{"total":1,"covered":0,"skipped":0,"pct":0},"statements":{"total":28,"covered":0,"skipped":0,"pct":0},"branches":{"total":1,"covered":0,"skipped":0,"pct":0}}
,"F:\\CodeSprint\\Bizpark--AI-BE\\Bizpark.Commerce\\src\\catalog\\catalog.service.ts": {"lines":{"total":32,"covered":32,"skipped":0,"pct":100},"functions":{"total":5,"covered":5,"skipped":0,"pct":100},"statements":{"total":32,"covered":32,"skipped":0,"pct":100},"branches":{"total":7,"covered":6,"skipped":0,"pct":85.71}}
,"F:\\CodeSprint\\Bizpark--AI-BE\\Bizpark.Commerce\\src\\checkout\\checkout.controller.ts": {"lines":{"total":23,"covered":0,"skipped":0,"pct":0},"functions":{"total":1,"covered":0,"skipped":0,"pct":0},"statements":{"total":23,"covered":0,"skipped":0,"pct":0},"branches":{"total":1,"covered":0,"skipped":0,"pct":0}}
,"F:\\CodeSprint\\Bizpark--AI-BE\\Bizpark.Commerce\\src\\checkout\\checkout.service.ts": {"lines":{"total":40,"covered":0,"skipped":0,"pct":0},"functions":{"total":1,"covered":0,"skipped":0,"pct":0},"statements":{"total":40,"covered":0,"skipped":0,"pct":0},"branches":{"total":1,"covered":0,"skipped":0,"pct":0}}
,"F:\\CodeSprint\\Bizpark--AI-BE\\Bizpark.Commerce\\src\\common\\request-context\\tenant-request.interface.ts": {"lines":{"total":5,"covered":0,"skipped":0,"pct":0},"functions":{"total":1,"covered":0,"skipped":0,"pct":0},"statements":{"total":5,"covered":0,"skipped":0,"pct":0},"branches":{"total":1,"covered":0,"skipped":0,"pct":0}}
,"F:\\CodeSprint\\Bizpark--AI-BE\\Bizpark.Commerce\\src\\customers\\customers.controller.ts": {"lines":{"total":24,"covered":0,"skipped":0,"pct":0},"functions":{"total":1,"covered":0,"skipped":0,"pct":0},"statements":{"total":24,"covered":0,"skipped":0,"pct":0},"branches":{"total":1,"covered":0,"skipped":0,"pct":0}}
,"F:\\CodeSprint\\Bizpark--AI-BE\\Bizpark.Commerce\\src\\customers\\customers.service.ts": {"lines":{"total":27,"covered":27,"skipped":0,"pct":100},"functions":{"total":5,"covered":5,"skipped":0,"pct":100},"statements":{"total":27,"covered":27,"skipped":0,"pct":100},"branches":{"total":7,"covered":6,"skipped":0,"pct":85.71}}
,"F:\\CodeSprint\\Bizpark--AI-BE\\Bizpark.Commerce\\src\\db\\tenant-datasource.factory.ts": {"lines":{"total":96,"covered":9,"skipped":0,"pct":9.37},"functions":{"total":2,"covered":0,"skipped":0,"pct":0},"statements":{"total":96,"covered":9,"skipped":0,"pct":9.37},"branches":{"total":0,"covered":0,"skipped":0,"pct":100}}
,"F:\\CodeSprint\\Bizpark--AI-BE\\Bizpark.Commerce\\src\\db\\entities\\cart-item.entity.ts": {"lines":{"total":17,"covered":5,"skipped":0,"pct":29.41},"functions":{"total":3,"covered":0,"skipped":0,"pct":0},"statements":{"total":17,"covered":5,"skipped":0,"pct":29.41},"branches":{"total":2,"covered":0,"skipped":0,"pct":0}}
,"F:\\CodeSprint\\Bizpark--AI-BE\\Bizpark.Commerce\\src\\db\\entities\\cart.entity.ts": {"lines":{"total":20,"covered":5,"skipped":0,"pct":25},"functions":{"total":3,"covered":0,"skipped":0,"pct":0},"statements":{"total":20,"covered":5,"skipped":0,"pct":25},"branches":{"total":2,"covered":0,"skipped":0,"pct":0}}
,"F:\\CodeSprint\\Bizpark--AI-BE\\Bizpark.Commerce\\src\\db\\entities\\commerce-user.entity.ts": {"lines":{"total":27,"covered":6,"skipped":0,"pct":22.22},"functions":{"total":1,"covered":0,"skipped":0,"pct":0},"statements":{"total":27,"covered":6,"skipped":0,"pct":22.22},"branches":{"total":2,"covered":0,"skipped":0,"pct":0}}
,"F:\\CodeSprint\\Bizpark--AI-BE\\Bizpark.Commerce\\src\\db\\entities\\customer.entity.ts": {"lines":{"total":19,"covered":4,"skipped":0,"pct":21.05},"functions":{"total":1,"covered":0,"skipped":0,"pct":0},"statements":{"total":19,"covered":4,"skipped":0,"pct":21.05},"branches":{"total":2,"covered":0,"skipped":0,"pct":0}}
,"F:\\CodeSprint\\Bizpark--AI-BE\\Bizpark.Commerce\\src\\db\\entities\\inventory-item.entity.ts": {"lines":{"total":25,"covered":4,"skipped":0,"pct":16},"functions":{"total":1,"covered":0,"skipped":0,"pct":0},"statements":{"total":25,"covered":4,"skipped":0,"pct":16},"branches":{"total":2,"covered":0,"skipped":0,"pct":0}}
,"F:\\CodeSprint\\Bizpark--AI-BE\\Bizpark.Commerce\\src\\db\\entities\\order-item.entity.ts": {"lines":{"total":17,"covered":5,"skipped":0,"pct":29.41},"functions":{"total":3,"covered":0,"skipped":0,"pct":0},"statements":{"total":17,"covered":5,"skipped":0,"pct":29.41},"branches":{"total":2,"covered":0,"skipped":0,"pct":0}}
,"F:\\CodeSprint\\Bizpark--AI-BE\\Bizpark.Commerce\\src\\db\\entities\\order.entity.ts": {"lines":{"total":25,"covered":7,"skipped":0,"pct":28},"functions":{"total":3,"covered":0,"skipped":0,"pct":0},"statements":{"total":25,"covered":7,"skipped":0,"pct":28},"branches":{"total":2,"covered":0,"skipped":0,"pct":0}}
,"F:\\CodeSprint\\Bizpark--AI-BE\\Bizpark.Commerce\\src\\db\\entities\\product.entity.ts": {"lines":{"total":25,"covered":4,"skipped":0,"pct":16},"functions":{"total":1,"covered":0,"skipped":0,"pct":0},"statements":{"total":25,"covered":4,"skipped":0,"pct":16},"branches":{"total":2,"covered":0,"skipped":0,"pct":0}}
,"F:\\CodeSprint\\Bizpark--AI-BE\\Bizpark.Commerce\\src\\db\\entities\\shipping-method.entity.ts": {"lines":{"total":28,"covered":4,"skipped":0,"pct":14.28},"functions":{"total":1,"covered":0,"skipped":0,"pct":0},"statements":{"total":28,"covered":4,"skipped":0,"pct":14.28},"branches":{"total":2,"covered":0,"skipped":0,"pct":0}}
,"F:\\CodeSprint\\Bizpark--AI-BE\\Bizpark.Commerce\\src\\db\\entities\\subscription.entity.ts": {"lines":{"total":27,"covered":6,"skipped":0,"pct":22.22},"functions":{"total":1,"covered":0,"skipped":0,"pct":0},"statements":{"total":27,"covered":6,"skipped":0,"pct":22.22},"branches":{"total":3,"covered":0,"skipped":0,"pct":0}}
,"F:\\CodeSprint\\Bizpark--AI-BE\\Bizpark.Commerce\\src\\inventory\\inventory.controller.ts": {"lines":{"total":32,"covered":0,"skipped":0,"pct":0},"functions":{"total":1,"covered":0,"skipped":0,"pct":0},"statements":{"total":32,"covered":0,"skipped":0,"pct":0},"branches":{"total":1,"covered":0,"skipped":0,"pct":0}}
,"F:\\CodeSprint\\Bizpark--AI-BE\\Bizpark.Commerce\\src\\inventory\\inventory.service.ts": {"lines":{"total":60,"covered":58,"skipped":0,"pct":96.66},"functions":{"total":6,"covered":6,"skipped":0,"pct":100},"statements":{"total":60,"covered":58,"skipped":0,"pct":96.66},"branches":{"total":17,"covered":12,"skipped":0,"pct":70.58}}
,"F:\\CodeSprint\\Bizpark--AI-BE\\Bizpark.Commerce\\src\\orders\\orders.controller.ts": {"lines":{"total":29,"covered":0,"skipped":0,"pct":0},"functions":{"total":1,"covered":0,"skipped":0,"pct":0},"statements":{"total":29,"covered":0,"skipped":0,"pct":0},"branches":{"total":1,"covered":0,"skipped":0,"pct":0}}
,"F:\\CodeSprint\\Bizpark--AI-BE\\Bizpark.Commerce\\src\\orders\\orders.service.ts": {"lines":{"total":37,"covered":37,"skipped":0,"pct":100},"functions":{"total":5,"covered":5,"skipped":0,"pct":100},"statements":{"total":37,"covered":37,"skipped":0,"pct":100},"branches":{"total":7,"covered":6,"skipped":0,"pct":85.71}}
,"F:\\CodeSprint\\Bizpark--AI-BE\\Bizpark.Commerce\\src\\payments\\payments.controller.ts": {"lines":{"total":26,"covered":0,"skipped":0,"pct":0},"functions":{"total":1,"covered":0,"skipped":0,"pct":0},"statements":{"total":26,"covered":0,"skipped":0,"pct":0},"branches":{"total":1,"covered":0,"skipped":0,"pct":0}}
,"F:\\CodeSprint\\Bizpark--AI-BE\\Bizpark.Commerce\\src\\payments\\payments.service.ts": {"lines":{"total":26,"covered":26,"skipped":0,"pct":100},"functions":{"total":2,"covered":2,"skipped":0,"pct":100},"statements":{"total":26,"covered":26,"skipped":0,"pct":100},"branches":{"total":3,"covered":3,"skipped":0,"pct":100}}
,"F:\\CodeSprint\\Bizpark--AI-BE\\Bizpark.Commerce\\src\\queues\\queue.constants.ts": {"lines":{"total":1,"covered":0,"skipped":0,"pct":0},"functions":{"total":1,"covered":0,"skipped":0,"pct":0},"statements":{"total":1,"covered":0,"skipped":0,"pct":0},"branches":{"total":1,"covered":0,"skipped":0,"pct":0}}
,"F:\\CodeSprint\\Bizpark--AI-BE\\Bizpark.Commerce\\src\\shipping\\shipping.controller.ts": {"lines":{"total":37,"covered":0,"skipped":0,"pct":0},"functions":{"total":1,"covered":0,"skipped":0,"pct":0},"statements":{"total":37,"covered":0,"skipped":0,"pct":0},"branches":{"total":1,"covered":0,"skipped":0,"pct":0}}
,"F:\\CodeSprint\\Bizpark--AI-BE\\Bizpark.Commerce\\src\\shipping\\shipping.service.ts": {"lines":{"total":53,"covered":53,"skipped":0,"pct":100},"functions":{"total":6,"covered":6,"skipped":0,"pct":100},"statements":{"total":53,"covered":53,"skipped":0,"pct":100},"branches":{"total":14,"covered":11,"skipped":0,"pct":78.57}}
,"F:\\CodeSprint\\Bizpark--AI-BE\\Bizpark.Commerce\\src\\subscriptions\\subscriptions.controller.ts": {"lines":{"total":29,"covered":0,"skipped":0,"pct":0},"functions":{"total":1,"covered":0,"skipped":0,"pct":0},"statements":{"total":29,"covered":0,"skipped":0,"pct":0},"branches":{"total":1,"covered":0,"skipped":0,"pct":0}}
,"F:\\CodeSprint\\Bizpark--AI-BE\\Bizpark.Commerce\\src\\subscriptions\\subscriptions.service.ts": {"lines":{"total":36,"covered":0,"skipped":0,"pct":0},"functions":{"total":1,"covered":0,"skipped":0,"pct":0},"statements":{"total":36,"covered":0,"skipped":0,"pct":0},"branches":{"total":1,"covered":0,"skipped":0,"pct":0}}
,"F:\\CodeSprint\\Bizpark--AI-BE\\Bizpark.Commerce\\src\\tenant\\tenant.controller.ts": {"lines":{"total":15,"covered":0,"skipped":0,"pct":0},"functions":{"total":1,"covered":0,"skipped":0,"pct":0},"statements":{"total":15,"covered":0,"skipped":0,"pct":0},"branches":{"total":1,"covered":0,"skipped":0,"pct":0}}
,"F:\\CodeSprint\\Bizpark--AI-BE\\Bizpark.Commerce\\src\\tenant\\tenant.middleware.ts": {"lines":{"total":21,"covered":0,"skipped":0,"pct":0},"functions":{"total":1,"covered":0,"skipped":0,"pct":0},"statements":{"total":21,"covered":0,"skipped":0,"pct":0},"branches":{"total":1,"covered":0,"skipped":0,"pct":0}}
,"F:\\CodeSprint\\Bizpark--AI-BE\\Bizpark.Commerce\\src\\tenant\\tenant.service.ts": {"lines":{"total":23,"covered":23,"skipped":0,"pct":100},"functions":{"total":1,"covered":1,"skipped":0,"pct":100},"statements":{"total":23,"covered":23,"skipped":0,"pct":100},"branches":{"total":9,"covered":8,"skipped":0,"pct":88.88}}
}
